<?xml version="1.0" encoding="UTF-8"?>
<testng-results ignored="0" total="2" passed="2" failed="0" skipped="0">
  <reporter-output>
  </reporter-output>
  <suite started-at="2024-07-12T08:04:34Z" name="Suite" finished-at="2024-07-12T08:04:34Z" duration-ms="26">
    <groups>
    </groups>
    <test started-at="2024-07-12T08:04:34Z" name="Test" finished-at="2024-07-12T08:04:34Z" duration-ms="26">
      <class name="pac2.OrgTest">
        <test-method signature="CreateOrgTest()[pri:0, instance:pac2.OrgTest@2053d869]" started-at="2024-07-12T08:04:34Z" name="CreateOrgTest" finished-at="2024-07-12T08:04:34Z" duration-ms="6" status="PASS">
          <reporter-output>
          </reporter-output>
        </test-method> <!-- CreateOrgTest -->
        <test-method signature="ModifyOrgTest()[pri:0, instance:pac2.OrgTest@2053d869]" started-at="2024-07-12T08:04:34Z" name="ModifyOrgTest" finished-at="2024-07-12T08:04:34Z" duration-ms="0" status="PASS">
          <reporter-output>
          </reporter-output>
        </test-method> <!-- ModifyOrgTest -->
      </class> <!-- pac2.OrgTest -->
    </test> <!-- Test -->
  </suite> <!-- Suite -->
</testng-results>
