<?xml version="1.0" encoding="UTF-8"?>
<!-- Generated by org.testng.reporters.JUnitXMLReporter -->
<testsuite ignored="0" hostname="LAPTOP-BBP419K3" failures="0" tests="4" name="Surefire test" time="0.036" errors="0" timestamp="10 Jul 2024 04:44:40 GMT">
  <testcase classname="pac1.ContactTest" name="CreateContactTest" time="0.011"/>
  <testcase classname="pac1.ContactTest" name="ModifyContactTest" time="0.001"/>
  <testcase classname="pac2.OrgTest" name="CreateOrgTest" time="0.0"/>
  <testcase classname="pac2.OrgTest" name="ModifyOrgTest" time="0.0"/>
</testsuite> <!-- Surefire test -->
